<?xml version="1.0" encoding="UTF-8"?>
<testng-results ignored="0" total="1" passed="1" failed="0" skipped="0">
  <reporter-output>
  </reporter-output>
  <suite started-at="2024-03-03T22:40:56 EST" name="ScoreMobile App Tests" finished-at="2024-03-03T22:43:01 EST" duration-ms="125311">
    <groups>
    </groups>
    <test started-at="2024-03-03T22:40:56 EST" name="Score Mobile Tests" finished-at="2024-03-03T22:43:01 EST" duration-ms="125311">
      <class name="com.qa.testcases.LeagueSelectionPageTests">
        <test-method is-config="true" signature="initialize()[pri:0, instance:com.qa.testcases.LeagueSelectionPageTests@26bab2f1]" started-at="2024-03-03T22:40:56 EST" name="initialize" finished-at="2024-03-03T22:41:26 EST" duration-ms="30552" status="PASS">
          <reporter-output>
          </reporter-output>
        </test-method> <!-- initialize -->
        <test-method signature="verifyLeague(java.lang.String,java.lang.String,java.lang.String)[pri:0, instance:com.qa.testcases.LeagueSelectionPageTests@26bab2f1]" started-at="2024-03-03T22:41:26 EST" name="verifyLeague" description="verify league, standing tab and back navigation" finished-at="2024-03-03T22:42:59 EST" duration-ms="92357" status="PASS">
          <params>
            <param index="0">
              <value>
                <![CDATA[Leagues]]>
              </value>
            </param>
            <param index="1">
              <value>
                <![CDATA[NCAA Football]]>
              </value>
            </param>
            <param index="2">
              <value>
                <![CDATA[AAC]]>
              </value>
            </param>
          </params>
          <reporter-output>
          </reporter-output>
        </test-method> <!-- verifyLeague -->
        <test-method is-config="true" signature="tearDown()[pri:0, instance:com.qa.testcases.LeagueSelectionPageTests@26bab2f1]" started-at="2024-03-03T22:42:59 EST" name="tearDown" finished-at="2024-03-03T22:43:01 EST" duration-ms="2279" status="PASS">
          <reporter-output>
          </reporter-output>
        </test-method> <!-- tearDown -->
      </class> <!-- com.qa.testcases.LeagueSelectionPageTests -->
    </test> <!-- Score Mobile Tests -->
  </suite> <!-- ScoreMobile App Tests -->
</testng-results>
